  Source.cpp
C:\Users\haris\Desktop\SPA\DoubleHashing\DoubleHashing\Source.cpp(54,14): warning C4244: 'return': conversion from 'double' to 'int', possible loss of data
C:\Users\haris\Desktop\SPA\DoubleHashing\DoubleHashing\Source.cpp(53): message : while compiling class template member function 'int HashTable<Vektor3D>::HeshFunkcija2(const T &)'
          with
          [
              T=Vektor3D
          ]
C:\Users\haris\Desktop\SPA\DoubleHashing\DoubleHashing\Source.cpp(110): message : see reference to function template instantiation 'int HashTable<Vektor3D>::HeshFunkcija2(const T &)' being compiled
          with
          [
              T=Vektor3D
          ]
C:\Users\haris\Desktop\SPA\DoubleHashing\DoubleHashing\Source.cpp(143): message : see reference to class template instantiation 'HashTable<Vektor3D>' being compiled
C:\Users\haris\Desktop\SPA\DoubleHashing\DoubleHashing\Source.cpp(49,14): warning C4244: 'return': conversion from 'double' to 'int', possible loss of data
C:\Users\haris\Desktop\SPA\DoubleHashing\DoubleHashing\Source.cpp(48): message : while compiling class template member function 'int HashTable<Vektor3D>::HeshFunkcija1(const T &)'
          with
          [
              T=Vektor3D
          ]
C:\Users\haris\Desktop\SPA\DoubleHashing\DoubleHashing\Source.cpp(109): message : see reference to function template instantiation 'int HashTable<Vektor3D>::HeshFunkcija1(const T &)' being compiled
          with
          [
              T=Vektor3D
          ]
  DoubleHashing.vcxproj -> C:\Users\haris\Desktop\SPA\DoubleHashing\x64\Debug\DoubleHashing.exe
